<?xml version="1.0" encoding="UTF-8"?>
<!-- Generated by org.testng.reporters.JUnitReportReporter -->
<testsuite hostname="DESKTOP-L4J545I" failures="0" tests="1" name="Practice.TestNgpractice2" time="0.011" errors="0" timestamp="2023-02-22T20:24:20 IST" skipped="0">
  <testcase classname="Practice.TestNgpractice2" name="test" time="0.011"/>
  <system-out/>
</testsuite> <!-- Practice.TestNgpractice2 -->
