<?xml version="1.0" encoding="UTF-8"?>
<!-- Generated by org.testng.reporters.JUnitReportReporter -->
<testsuite hostname="DESKTOP-L4J545I" failures="0" tests="1" name="biobook_socialmedia_home.CommentOnPhoto_BIOB35" time="7.537" errors="0" timestamp="2023-03-13T10:22:57 IST" skipped="0">
  <testcase classname="biobook_socialmedia_home.CommentOnPhoto_BIOB35" name="CommentOnPhoto" time="7.537"/>
  <system-out/>
</testsuite> <!-- biobook_socialmedia_home.CommentOnPhoto_BIOB35 -->
