<?xml version="1.0" encoding="UTF-8"?>
<!-- Generated by org.testng.reporters.JUnitReportReporter -->
<testsuite hostname="DESKTOP-L4J545I" failures="0" tests="1" name="biobook_socialmedia_photo.ProfileUpdatePhotoDisp_BIOB42" time="4.303" errors="0" timestamp="2023-03-03T17:38:29 IST" skipped="0">
  <testcase classname="biobook_socialmedia_photo.ProfileUpdatePhotoDisp_BIOB42" name="profileUpdatePhotoDisp" time="4.303"/>
  <system-out/>
</testsuite> <!-- biobook_socialmedia_photo.ProfileUpdatePhotoDisp_BIOB42 -->
