<?xml version="1.0" encoding="UTF-8"?>
<!-- Generated by org.testng.reporters.JUnitReportReporter -->
<testsuite hostname="DESKTOP-L4J545I" failures="0" tests="1" name="Practice.Testngpractice" time="0.012" errors="0" timestamp="2023-02-22T20:24:20 IST" skipped="0">
  <testcase classname="Practice.Testngpractice" name="test" time="0.012"/>
  <system-out/>
</testsuite> <!-- Practice.Testngpractice -->
