<?xml version="1.0" encoding="UTF-8"?>
<!-- Generated by org.testng.reporters.JUnitReportReporter -->
<testsuite hostname="DESKTOP-L4J545I" failures="0" tests="1" name="biobook_socialmedia_home.CommentOnPhoto_BIOB35" time="11.704" errors="0" timestamp="2023-03-07T17:37:44 IST" skipped="0">
  <testcase classname="biobook_socialmedia_home.CommentOnPhoto_BIOB35" name="CommentOnPhoto" time="11.704"/>
  <system-out/>
</testsuite> <!-- biobook_socialmedia_home.CommentOnPhoto_BIOB35 -->
